0 info it worked if it ends with ok
1 verbose cli [ '/usr/bin/node', '/usr/bin/npm', 'install' ]
2 info using npm@1.4.28
3 info using node@v0.10.38
4 verbose node symlink /usr/bin/node
5 verbose readDependencies using package.json deps
6 verbose install where, deps [ '/home/user/Documents/socialmediaconnector',
6 verbose install   [ 'pg', 'express', 'body-parser', 'passport', 'crypto' ] ]
7 info preinstall node-js-getting-started@0.1.3
8 verbose readDependencies using package.json deps
9 verbose already installed skipping pg@4.x /home/user/Documents/socialmediaconnector
10 verbose already installed skipping express@~4.9.x /home/user/Documents/socialmediaconnector
11 verbose already installed skipping body-parser@^1.4.3 /home/user/Documents/socialmediaconnector
12 verbose already installed skipping passport@* /home/user/Documents/socialmediaconnector
13 verbose cache add [ 'crypto@0.12.2', null ]
14 verbose cache add name=undefined spec="crypto@0.12.2" args=["crypto@0.12.2",null]
15 verbose parsed url { protocol: null,
15 verbose parsed url   slashes: null,
15 verbose parsed url   auth: null,
15 verbose parsed url   host: null,
15 verbose parsed url   port: null,
15 verbose parsed url   hostname: null,
15 verbose parsed url   hash: null,
15 verbose parsed url   search: null,
15 verbose parsed url   query: null,
15 verbose parsed url   pathname: 'crypto@0.12.2',
15 verbose parsed url   path: 'crypto@0.12.2',
15 verbose parsed url   href: 'crypto@0.12.2' }
16 verbose cache add name="crypto" spec="0.12.2" args=["crypto","0.12.2"]
17 verbose parsed url { protocol: null,
17 verbose parsed url   slashes: null,
17 verbose parsed url   auth: null,
17 verbose parsed url   host: null,
17 verbose parsed url   port: null,
17 verbose parsed url   hostname: null,
17 verbose parsed url   hash: null,
17 verbose parsed url   search: null,
17 verbose parsed url   query: null,
17 verbose parsed url   pathname: '0.12.2',
17 verbose parsed url   path: '0.12.2',
17 verbose parsed url   href: '0.12.2' }
18 verbose addNamed [ 'crypto', '0.12.2' ]
19 verbose addNamed [ '0.12.2', '0.12.2' ]
20 silly lockFile c072fd94-crypto-0-12-2 crypto@0.12.2
21 verbose lock crypto@0.12.2 /home/user/.npm/c072fd94-crypto-0-12-2.lock
22 verbose request where is /crypto
23 verbose request registry https://registry.npmjs.org/
24 verbose request id 5210f29971d286da
25 verbose url raw /crypto
26 verbose url resolving [ 'https://registry.npmjs.org/', './crypto' ]
27 verbose url resolved https://registry.npmjs.org/crypto
28 verbose request where is https://registry.npmjs.org/crypto
29 info trying registry request attempt 1 at 15:10:25
30 http GET https://registry.npmjs.org/crypto
31 http 200 https://registry.npmjs.org/crypto
32 silly registry.get cb [ 200,
32 silly registry.get   { date: 'Sat, 11 Apr 2015 21:10:25 GMT',
32 silly registry.get     server: 'CouchDB/1.5.0 (Erlang OTP/R16B03)',
32 silly registry.get     etag: '"E4V1DQA59OGHAPBX9RAEZ51R0"',
32 silly registry.get     'content-type': 'application/json',
32 silly registry.get     'cache-control': 'max-age=60',
32 silly registry.get     'content-length': '2991',
32 silly registry.get     'accept-ranges': 'bytes',
32 silly registry.get     via: '1.1 varnish',
32 silly registry.get     age: '0',
32 silly registry.get     'x-served-by': 'cache-dfw1823-DFW',
32 silly registry.get     'x-cache': 'MISS',
32 silly registry.get     'x-cache-hits': '0',
32 silly registry.get     'x-timer': 'S1428786625.519279,VS0,VE192',
32 silly registry.get     vary: 'Accept',
32 silly registry.get     'keep-alive': 'timeout=10, max=50',
32 silly registry.get     connection: 'Keep-Alive' } ]
33 silly lockFile c072fd94-crypto-0-12-2 crypto@0.12.2
34 silly lockFile c072fd94-crypto-0-12-2 crypto@0.12.2
35 error Error: version not found: crypto@0.12.2
35 error     at /usr/lib/node_modules/npm/lib/cache/add-named.js:125:12
35 error     at saved (/usr/lib/node_modules/npm/node_modules/npm-registry-client/lib/get.js:167:7)
35 error     at Object.oncomplete (fs.js:108:15)
36 error If you need help, you may report this *entire* log,
36 error including the npm and node versions, at:
36 error     <http://github.com/npm/npm/issues>
37 error System Linux 3.13.0-44-generic
38 error command "/usr/bin/node" "/usr/bin/npm" "install"
39 error cwd /home/user/Documents/socialmediaconnector
40 error node -v v0.10.38
41 error npm -v 1.4.28
42 verbose exit [ 1, true ]
